{"C:\\Users\\YUSSUF O.B\\Documents\\Microverse\\Week_7\\To-Do-List\\src\\addTask.js": {"path":"C:\\Users\\YUSSUF O.B\\Documents\\Microverse\\Week_7\\To-Do-List\\src\\addTask.js","statementMap":{"0":{"start":{"line":2,"column":16},"end":{"line":7,"column":1}},"1":{"start":{"line":3,"column":2},"end":{"line":3,"column":40}},"2":{"start":{"line":4,"column":2},"end":{"line":4,"column":28}},"3":{"start":{"line":5,"column":2},"end":{"line":5,"column":25}},"4":{"start":{"line":6,"column":2},"end":{"line":6,"column":18}}},"fnMap":{"0":{"name":"(anonymous_0)","decl":{"start":{"line":2,"column":16},"end":{"line":2,"column":17}},"loc":{"start":{"line":2,"column":39},"end":{"line":7,"column":1}},"line":2}},"branchMap":{"0":{"loc":{"start":{"line":3,"column":15},"end":{"line":3,"column":39}},"type":"binary-expr","locations":[{"start":{"line":3,"column":15},"end":{"line":3,"column":34}},{"start":{"line":3,"column":38},"end":{"line":3,"column":39}}],"line":3}},"s":{"0":1,"1":1,"2":1,"3":1,"4":1},"f":{"0":1},"b":{"0":[1,0]},"_coverageSchema":"1a1c01bbd47fc00a2c39e90264f33305004495a9","hash":"446870f5e40f8c831bb400b6d0b3a909a23367ea"}
}
